	1		2		3		4		5		6
	train	test	train	test	train	test	train	test	train	test	train	test
Entropy	30.2	29.67	22.2	22.25	18.1	19.64	8.2	15.11	2.7	9.48	0.0	9.48
Majority Error	30.2	29.67	22.2	22.25	17.4	18.68	8.9	13.74	2.8	9.62	0.0	9.62
Gini Index	30.2	29.67	22.2	22.25	17.6	18.41	8.9	13.74	2.7	9.48	0.0	9.48
	1		2		3		4		5		6
	train	test	train	test	train	test	train	test	train	test	train	test
Entropy	11.92	12.48	10.6	11.14	10.06	10.74	7.92	11.96	6.12	12.78	4.72	13.8
Majority Error	10.88	11.66	10.42	10.88	9.6	11.48	8.04	11.92	6.56	12.64	5.44	13.46
Gini Index	10.88	11.66	10.42	10.88	9.34	11.52	7.48	12.22	5.96	13.52	4.68	15.02
	7		8		9		10		11		12
	train	test	train	test	train	test	train	test	train	test	train	test
Entropy	3.48	14.7	2.86	15.02	2.3	15.92	1.7	16.08	1.44	16.22	1.36	16.4
Majority Error	4.5	14.24	3.88	15.26	3.22	15.78	2.44	16.2	2.02	16.72	1.74	16.84
Gini Index	3.46	15.8	2.66	16.52	2.12	17.3	1.7	17.52	1.46	17.62	1.38	17.78
	13		14		15		16
	train	test	train	test	train	test	train	test	train	test	train	test
Entropy	1.36	16.46	1.36	16.46	1.36	16.46	1.36	16.46
Majority Error	1.56	17.26	1.4	17.22	1.4	17.22	1.36	17.22
Gini Index	1.36	17.76	1.36	17.76	1.36	17.76	1.36	17.76
